<?xml version="1.0" encoding="UTF-8"?>
<testsuite name="sample.SampleTests" tests="1" skipped="0" failures="0" errors="0" timestamp="2019-08-18T16:45:54" hostname="EPRUTVEW0050" time="0.036">
  <properties/>
  <testcase name="testHello" classname="sample.SampleTests" time="0.036"/>
  <system-out><![CDATA[
]]></system-out>
  <system-err><![CDATA[]]></system-err>
</testsuite>
